>|2010-12-09 16:13:45|0.000067|                                                  |       0|   0| 0|
.|2010-12-09 16:13:45|0.000027|                                                  |       0|   0| 0|
>|2010-12-09 16:13:45|0.000029|                                                  |       0|   0| 0|
>|2010-12-12 12:42:19|0.000066|                                                  |       0|   0| 0|
.|2010-12-12 12:42:19|0.000040|                                                  |       0|   0| 0|
>|2010-12-12 12:42:19|0.000018|                                                  |       0|   0| 0|
>|2010-12-12 17:19:40|0.000058|                                                  |       0|   0| 0|
.|2010-12-12 17:19:40|0.000054|                                                  |       0|   0| 0|
>|2010-12-12 17:19:40|0.000030|                                                  |       0|   0| 0|
>|2010-12-12 17:20:55|0.000057|                                                  |       0|   0| 0|
.|2010-12-12 17:20:55|0.000026|                                                  |       0|   0| 0|
>|2010-12-12 17:20:55|0.000021|                                                  |       0|   0| 0|
>|2010-12-12 17:21:32|0.000060|                                                  |       0|   0| 0|
.|2010-12-12 17:21:32|0.000025|                                                  |       0|   0| 0|
>|2010-12-12 17:21:32|0.000019|                                                  |       0|   0| 0|
>|2010-12-12 18:06:24|0.000065|                                                  |       0|   0| 0|
.|2010-12-12 18:06:24|0.000045|                                                  |       0|   0| 0|
>|2010-12-12 18:06:24|0.000018|                                                  |       0|   0| 0|
>|2010-12-12 19:36:00|0.001109|s                                                 |       1|   0| 1|
>|2010-12-12 19:36:24|0.000199|s                                                 |       1|   0| 1|
>|2010-12-12 19:36:32|0.000160|s                                                 |       1|   0| 1|
>|2010-12-12 19:36:32|0.001147|s                                                 |       1|   0| 1|
>|2010-12-12 19:36:33|0.000209|s                                                 |       1|   0| 1|
>|2010-12-12 19:36:33|0.000197|s                                                 |       1|   0| 1|
>|2010-12-12 19:36:33|0.000188|s                                                 |       1|   0| 1|